2025-06-20 09:50:58,143 [ERROR] Cannot open camera.
2025-06-20 09:50:58,143 [CRITICAL] Failed to start vision module. Exiting.
2025-06-20 09:54:25,478 [ERROR] Cannot open camera.
2025-06-20 09:54:25,479 [CRITICAL] Failed to start vision module. Exiting.
2025-06-20 09:56:59,527 [ERROR] Cannot open camera.
2025-06-20 09:56:59,528 [CRITICAL] Failed to start vision module. Exiting.
2025-06-20 09:58:35,648 [ERROR] Cannot open camera.
2025-06-20 09:58:35,649 [CRITICAL] Failed to start vision module. Exiting.
2025-06-20 09:59:42,491 [ERROR] Cannot open camera.
2025-06-20 09:59:42,492 [CRITICAL] Failed to start vision module. Exiting.
2025-06-20 09:59:49,849 [ERROR] Cannot open camera.
2025-06-20 09:59:49,850 [CRITICAL] Failed to start vision module. Exiting.
2025-06-20 10:00:14,798 [ERROR] Cannot open camera.
2025-06-20 10:00:14,799 [CRITICAL] Failed to start vision module. Exiting.
2025-06-20 10:01:14,788 [ERROR] Cannot open camera.
2025-06-20 10:01:14,789 [CRITICAL] Failed to start vision module. Exiting.
2025-06-20 10:05:45,187 [INFO] VisionProcessor started successfully on camera index 0.
2025-06-20 10:05:45,189 [ERROR] Failed to connect to serial port COM3: could not open port 'COM3': FileNotFoundError(2, 'The system cannot find the file specified.', None, 2)
2025-06-20 10:05:45,189 [WARNING] Running without serial communication.
2025-06-20 10:05:45,190 [INFO] System is running. Press 'q' to exit.
2025-06-20 10:06:05,540 [INFO] Shutting down system...
2025-06-20 10:06:05,982 [INFO] VisionProcessor stopped.
2025-06-20 10:06:05,994 [INFO] Shutdown complete.
2025-06-20 10:10:38,585 [INFO] VisionProcessor started successfully on camera index 0.
2025-06-20 10:10:38,586 [ERROR] Failed to connect to serial port COM3: could not open port 'COM3': FileNotFoundError(2, 'The system cannot find the file specified.', None, 2)
2025-06-20 10:10:38,586 [WARNING] Running without serial communication.
2025-06-20 10:10:38,586 [INFO] System is running. Press 'q' to exit.
2025-06-20 10:12:33,612 [INFO] Shutting down system...
2025-06-20 10:12:34,033 [INFO] VisionProcessor stopped.
2025-06-20 10:12:34,045 [INFO] Shutdown complete.
